2021-12-03 15:03:19,044 - root - INFO - Flag Values:
{
    "L1_flag": false,
    "batch_size": 512,
    "ckpt_path": "log/",
    "clipping_max_value": 5.0,
    "data_path": "../../corpora/",
    "dataset": "drug_disease",
    "early_stopping_steps_to_wait": 70000,
    "embedding_size": 64,
    "eval_interval_steps": 14000,
    "eval_only_mode": true,
    "experiment_name": "drug_disease-transup-1638543799",
    "filter_wrong_corrupted": true,
    "has_visualization": false,
    "is_report": true,
    "joint_ratio": 0.5,
    "kg_lambda": 1.0,
    "kg_test_files": null,
    "l2_lambda": 1e-05,
    "learning_rate": 0.001,
    "learning_rate_decay_when_no_progress": 0.5,
    "load_ckpt_file": null,
    "load_experiment_name": "drug_disease-transup-1638541964",
    "log_level": "debug",
    "log_path": "log/",
    "margin": 1.0,
    "max_queue": 10,
    "model_type": "transup",
    "momentum": 0.9,
    "negtive_samples": 1,
    "norm_lambda": 1.0,
    "num_preferences": 4,
    "num_processes": 4,
    "optimizer_type": "Adagrad",
    "rec_test_files": "test.dat",
    "seed": 0,
    "share_embeddings": false,
    "topn": 10,
    "training_steps": 1400000,
    "use_st_gumbel": true,
    "visualization_port": 8097
}
2021-12-03 15:03:19,049 - root - INFO - Totally 1284 train ratings, 651 eval ratings in files: ../../corpora/drug_disease/test.dat!
2021-12-03 15:03:19,051 - root - INFO - successfully load 654 users and 618 items!
2021-12-03 15:03:19,053 - root - INFO - Building model.
2021-12-03 15:03:21,976 - root - INFO - Architecture: TransUPModel(
  (user_embeddings): Embedding(654, 64)
  (item_embeddings): Embedding(618, 64)
  (pref_embeddings): Embedding(4, 64)
  (pref_norm_embeddings): Embedding(4, 64)
)
2021-12-03 15:03:21,977 - root - INFO - Total params: 81920.0
2021-12-03 15:03:21,977 - root - INFO - One epoch is 3 steps.
2021-12-03 15:03:22,430 - root - INFO - f1:0.0088, p:0.0061, r:0.0264, hit:0.0614, ndcg:0.0322, topn:10.
2021-12-03 15:03:22,435 - root - INFO - user:3	gold:189(3),189(3)	top:21,438,94,320,317,561,5,219,497,363
2021-12-03 15:03:22,436 - root - INFO - user:63	gold:380(0),124(1),368(0),380(3),124(0),368(1)	top:482,414,412,181,616,495,135,256,236,274
2021-12-03 15:03:22,437 - root - INFO - user:5	gold:391(2),391(3)	top:48,220,156,91,414,357,2,536,308,317
2021-12-03 15:03:22,438 - root - INFO - user:65	gold:336(3),354(2),475(3),336(1),354(0)	top:328,386,578,526,510,159,76,412,169,439
2021-12-03 15:03:22,439 - root - INFO - user:122	gold:108(0),154(0),396(0),33(0),108(1),154(2),396(0)	top:355,617,393,31,167,354,587,84,210,562
2021-12-03 15:03:22,440 - root - INFO - user:8	gold:365(2),355(2),365(2)	top:91,421,237,214,456,3,104,574,281,391
2021-12-03 15:03:22,441 - root - INFO - user:67	gold:170(1),12(2),271(1),559(0),170(0),12(2),271(1),559(0)	top:91,593,132,304,292,611,288,535,254,135
2021-12-03 15:03:22,442 - root - INFO - user:125	gold:347(0),31(0),66(2),2(1),580(1),573(1),31(2),347(0),31(3)	top:239,91,348,115,128,175,574,259,289,593
2021-12-03 15:03:22,442 - root - INFO - user:9	gold:390(0),181(3),390(0)	top:605,165,425,388,447,192,557,359,72,503
2021-12-03 15:03:22,443 - root - INFO - user:68	gold:609(0),292(3),177(2),179(0),250(0),191(3),609(1)	top:362,272,214,357,593,409,171,163,251,435
2021-12-03 15:03:22,444 - root - INFO - user:126	gold:615(0),395(1),615(1)	top:409,33,354,49,304,162,325,285,474,501
2021-12-03 15:03:22,445 - root - INFO - user:10	gold:414(2),279(1),414(3),279(0)	top:492,557,558,387,501,265,251,215,321,231
2021-12-03 15:03:22,446 - root - INFO - user:70	gold:212(1),212(3),212(3)	top:263,495,197,240,440,439,528,320,386,446
2021-12-03 15:03:22,447 - root - INFO - user:11	gold:584(3),433(2),311(0),584(0),433(3),311(1)	top:294,461,169,230,251,19,179,378,197,428
2021-12-03 15:03:22,447 - root - INFO - user:128	gold:78(3),74(1),134(2),79(2),78(0),74(2),134(0),79(1)	top:548,215,50,332,594,62,617,274,472,317
2021-12-03 15:03:22,448 - root - INFO - user:191	gold:129(2),559(3),559(1),129(3),559(1)	top:81,395,409,259,428,129,366,477,547,61
2021-12-03 15:03:22,449 - root - INFO - user:71	gold:579(2),524(0),87(3),579(2),524(2),87(2)	top:189,334,461,561,560,115,283,421,606,198
2021-12-03 15:03:22,449 - root - INFO - user:12	gold:58(0),498(1),58(2)	top:44,444,91,156,601,414,108,214,220,228
2021-12-03 15:03:22,450 - root - INFO - user:193	gold:552(3),37(0),208(0),552(1),37(1),208(1)	top:115,58,409,427,480,66,31,586,30,525
2021-12-03 15:03:22,451 - root - INFO - user:72	gold:449(0),550(0),520(0),108(2),396(2),525(0),527(3),240(0),530(2),119(3),344(2),283(3),188(1),447(3),477(3),389(2),615(0),239(0),86(3),183(1),153(3),155(1),412(0),285(1),449(2),550(2),520(0),108(3),396(1),525(0),527(0),240(0),530(1),119(3),344(1),283(1),188(3),447(1)	top:397,96,553,47,480,404,294,552,2,167
2021-12-03 15:03:22,451 - root - INFO - user:15	gold:178(2),178(0)	top:93,474,159,259,371,294,421,249,91,332
2021-12-03 15:03:22,452 - root - INFO - user:195	gold:99(3),71(2),78(3),565(2),311(0),475(1),99(2),71(0),78(3),565(0),311(2)	top:61,285,317,379,224,94,395,567,238,439
2021-12-03 15:03:22,453 - root - INFO - user:130	gold:0(1),38(2),167(0),568(2),575(2),167(0),0(3),38(0),167(2),568(2),575(0)	top:568,405,495,129,308,501,53,121,370,413
2021-12-03 15:03:22,453 - root - INFO - user:73	gold:87(3),87(2)	top:579,286,527,395,210,49,50,39,409,385
2021-12-03 15:03:22,454 - root - INFO - user:17	gold:212(1),236(3),214(2),212(2),397(0),212(2),236(0),214(0)	top:271,363,304,597,378,53,193,552,139,528
2021-12-03 15:03:22,455 - root - INFO - user:196	gold:442(2),209(1),66(3),442(1)	top:116,53,327,503,259,214,49,409,578,19
2021-12-03 15:03:22,455 - root - INFO - user:131	gold:32(2),321(3),91(0),171(2),32(3),321(1),91(2),171(3)	top:495,263,474,259,274,211,514,33,552,520
2021-12-03 15:03:22,456 - root - INFO - user:18	gold:553(3),122(2),553(2),122(1)	top:259,317,70,228,149,202,25,308,33,552
2021-12-03 15:03:22,457 - root - INFO - user:197	gold:390(3),292(3),390(2)	top:308,600,552,113,215,198,237,2,254,326
2021-12-03 15:03:22,457 - root - INFO - user:79	gold:555(2),555(3)	top:53,412,409,357,128,107,322,415,237,506
2021-12-03 15:03:22,458 - root - INFO - user:132	gold:161(2),289(1),164(2),81(3),415(0),161(3),289(1),164(2),81(2),415(2)	top:363,211,135,257,483,307,254,107,561,225
2021-12-03 15:03:22,459 - root - INFO - user:20	gold:433(1),433(1)	top:558,254,118,45,418,552,302,19,570,87
2021-12-03 15:03:22,459 - root - INFO - user:199	gold:494(0),593(3),494(1)	top:378,575,259,388,177,366,307,341,267,205
2021-12-03 15:03:22,460 - root - INFO - user:81	gold:499(2),134(2),471(3),499(1),134(2),471(1)	top:231,325,413,99,156,574,14,238,535,168
2021-12-03 15:03:22,460 - root - INFO - user:133	gold:113(0),333(0),32(2),140(2),334(0),113(3),374(3),445(3),113(1),333(3)	top:2,47,489,453,71,552,105,568,69,283
2021-12-03 15:03:22,461 - root - INFO - user:201	gold:376(3),376(3)	top:27,91,137,482,47,30,590,395,567,263
2021-12-03 15:03:22,462 - root - INFO - user:21	gold:59(3),19(2),36(1),38(3),168(3),44(3),172(3),567(1),183(1),441(1),59(2),451(3),452(0),330(1),203(0),332(2),616(2),106(0),240(2),499(1),118(0),375(3),509(1),59(0)	top:49,91,601,370,305,220,231,239,574,87
2021-12-03 15:03:22,462 - root - INFO - user:84	gold:76(3),564(3),68(1),76(2),564(3),68(0)	top:308,211,317,575,386,395,456,593,370,609
2021-12-03 15:03:22,463 - root - INFO - user:137	gold:433(0),489(3),350(2),582(0),199(1),433(1)	top:545,372,617,15,66,72,286,330,137,221
2021-12-03 15:03:22,464 - root - INFO - user:202	gold:336(2),354(2),475(2),336(1),354(1)	top:259,308,328,317,51,412,378,61,338,88
2021-12-03 15:03:22,464 - root - INFO - user:24	gold:272(3),433(0),522(1),272(1),433(0)	top:304,279,434,612,520,545,216,49,211,33
2021-12-03 15:03:22,465 - root - INFO - user:86	gold:87(3),87(0)	top:540,191,386,204,546,348,591,470,88,216
2021-12-03 15:03:22,466 - root - INFO - user:204	gold:569(0),202(3),569(1)	top:138,129,441,524,594,595,323,121,144,320
2021-12-03 15:03:22,466 - root - INFO - user:139	gold:568(1),328(1),395(2),568(0),328(2),395(0)	top:575,535,94,456,294,308,548,198,238,229
2021-12-03 15:03:22,467 - root - INFO - user:25	gold:192(2),419(1),192(3),419(1)	top:461,479,33,259,201,574,456,418,378,409
2021-12-03 15:03:22,468 - root - INFO - user:87	gold:589(2),589(3)	top:16,96,495,582,373,541,363,525,548,510
2021-12-03 15:03:22,468 - root - INFO - user:26	gold:360(2),91(2),360(0),91(0)	top:19,456,169,3,386,575,570,412,610,168
2021-12-03 15:03:22,469 - root - INFO - user:205	gold:377(2),377(1)	top:616,332,294,460,202,317,286,325,238,283
2021-12-03 15:03:22,469 - root - INFO - user:140	gold:344(0),338(0),227(1),213(0),384(3),344(0),367(2),213(3),536(1),601(0),344(2),338(0),227(0),213(1)	top:21,231,418,137,482,366,608,321,335,27
2021-12-03 15:03:22,470 - root - INFO - user:88	gold:192(2),346(3),423(3),192(1)	top:366,434,403,552,525,335,304,283,185,497
2021-12-03 15:03:22,471 - root - INFO - user:30	gold:299(1),299(0)	top:439,405,180,355,527,81,171,572,322,338
2021-12-03 15:03:22,471 - root - INFO - user:150	gold:286(0),599(0),286(3),599(3)	top:486,385,504,518,398,91,601,441,508,575
2021-12-03 15:03:22,472 - root - INFO - user:208	gold:196(0),324(0),524(0),590(1),15(0),324(2),196(0),524(2),590(2),15(0)	top:379,371,495,22,590,231,472,31,482,213
2021-12-03 15:03:22,472 - root - INFO - user:89	gold:164(1),264(2),162(1),343(2),215(0),164(2)	top:102,53,378,33,393,286,468,388,156,396
2021-12-03 15:03:22,473 - root - INFO - user:158	gold:89(2),369(3),89(0),369(3)	top:104,548,47,518,267,348,286,439,474,214
2021-12-03 15:03:22,474 - root - INFO - user:32	gold:488(2),488(3)	top:552,3,252,211,171,70,378,413,453,5
2021-12-03 15:03:22,474 - root - INFO - user:209	gold:0(3),575(0),0(1),575(3)	top:21,576,435,399,544,604,438,558,162,211
2021-12-03 15:03:22,475 - root - INFO - user:159	gold:259(1),259(2)	top:137,208,294,346,393,139,203,610,138,257
2021-12-03 15:03:22,476 - root - INFO - user:37	gold:189(3),257(0),3(3),268(3),273(3),531(1),282(2),287(1),288(1),38(1),168(1),44(2),301(3),581(0),465(1),216(2),476(3),480(1),353(0),106(0),240(1),247(3),250(0),189(2)	top:211,265,558,294,13,548,31,73,261,395
2021-12-03 15:03:22,476 - root - INFO - user:210	gold:154(1),154(0)	top:220,397,435,347,400,552,538,594,2,299
2021-12-03 15:03:22,477 - root - INFO - user:160	gold:609(2),609(0)	top:202,516,559,495,317,211,568,276,514,149
2021-12-03 15:03:22,477 - root - INFO - user:93	gold:461(3),70(1),401(2),461(2),70(1)	top:81,353,461,386,383,604,331,162,408,239
2021-12-03 15:03:22,478 - root - INFO - user:214	gold:559(3),456(0),580(0),573(0),31(0),559(3)	top:524,214,202,220,39,156,400,285,2,98
2021-12-03 15:03:22,479 - root - INFO - user:38	gold:137(1),74(0),220(1),177(3),137(3),74(1),220(3)	top:601,203,518,254,104,62,506,393,102,501
2021-12-03 15:03:22,479 - root - INFO - user:163	gold:377(0),419(1),390(3),377(1),419(0),390(3)	top:53,274,558,599,256,310,575,240,528,92
2021-12-03 15:03:22,480 - root - INFO - user:97	gold:0(0),0(3)	top:325,395,160,399,477,251,66,373,357,350
2021-12-03 15:03:22,481 - root - INFO - user:41	gold:545(2),228(0),396(0),205(3),80(3),183(3),251(0),567(1),44(1),525(2),273(0),183(0),545(0),228(1),396(0),205(3),80(2),183(0),251(1)	top:33,395,386,552,397,27,409,218,501,156
2021-12-03 15:03:22,481 - root - INFO - user:166	gold:328(1),328(3)	top:439,3,8,286,319,346,388,53,441,600
2021-12-03 15:03:22,482 - root - INFO - user:216	gold:157(1),157(2)	top:201,385,261,552,283,333,365,574,335,231
2021-12-03 15:03:22,483 - root - INFO - user:43	gold:589(1),589(3)	top:59,393,395,213,288,119,137,231,492,412
2021-12-03 15:03:22,483 - root - INFO - user:101	gold:589(0),589(2)	top:480,251,308,374,149,61,346,272,527,102
2021-12-03 15:03:22,484 - root - INFO - user:169	gold:111(3),111(0)	top:53,191,213,212,394,13,65,414,594,179
2021-12-03 15:03:22,485 - root - INFO - user:219	gold:113(1),333(0),113(1),333(1)	top:101,537,105,118,259,473,142,495,320,202
2021-12-03 15:03:22,485 - root - INFO - user:49	gold:400(3),565(2),262(0),71(1),400(0),565(0),262(1),71(0)	top:47,317,579,598,166,194,460,372,295,39
2021-12-03 15:03:22,486 - root - INFO - user:170	gold:339(2),340(2),339(1)	top:140,427,266,456,238,546,113,48,439,371
2021-12-03 15:03:22,487 - root - INFO - user:102	gold:136(2),367(0),136(2)	top:4,294,576,471,265,308,324,364,379,287
2021-12-03 15:03:22,487 - root - INFO - user:51	gold:236(1),608(0),64(1),236(0),205(1),236(3)	top:482,27,256,290,600,285,523,374,335,60
2021-12-03 15:03:22,488 - root - INFO - user:221	gold:37(3),37(2)	top:568,292,482,5,327,511,495,265,263,573
2021-12-03 15:03:22,489 - root - INFO - user:103	gold:298(1),298(1)	top:420,2,213,144,248,520,250,574,386,123
2021-12-03 15:03:22,489 - root - INFO - user:52	gold:281(3),197(3),414(1),281(2),197(3),414(3)	top:80,213,128,115,489,578,189,53,104,274
2021-12-03 15:03:22,490 - root - INFO - user:223	gold:403(3),403(3)	top:231,565,495,76,349,271,308,449,89,116
2021-12-03 15:03:22,491 - root - INFO - user:173	gold:328(3),557(3),415(0),328(2),557(0),415(2)	top:47,373,98,168,587,283,526,615,385,603
2021-12-03 15:03:22,491 - root - INFO - user:106	gold:450(0),450(3)	top:395,261,213,135,414,143,560,207,324,59
2021-12-03 15:03:22,492 - root - INFO - user:53	gold:449(0),67(0),230(2),555(1),527(1),18(2),26(2),157(1),449(1),421(2),449(0),67(1),230(0),555(1),527(0),18(3),26(2),157(1)	top:516,611,497,84,130,156,604,265,94,186
2021-12-03 15:03:22,493 - root - INFO - user:224	gold:209(1),67(3),315(1),105(3),209(0),67(0),315(1)	top:165,355,138,3,607,224,405,609,386,236
2021-12-03 15:03:22,493 - root - INFO - user:107	gold:545(1),99(1),387(1),228(1),71(0),520(1),585(1),167(2),267(2),395(2),205(1),80(1),565(0),470(2),183(3),568(2),505(3),251(0),311(0),545(0),387(2),228(1),99(1),71(0),520(2),585(3),167(2),267(1),395(2),205(0),80(3),565(0),470(2),183(3),568(0),505(2),251(2),311(0)	top:274,425,177,508,457,265,462,362,502,11
2021-12-03 15:03:22,494 - root - INFO - user:56	gold:365(3),333(1),432(1),113(1),341(1),476(0),365(0),333(3),432(1),113(0),341(0)	top:53,104,554,276,495,261,323,518,528,33
2021-12-03 15:03:22,495 - root - INFO - user:177	gold:360(2),328(1),239(2),360(3),328(2)	top:59,171,323,501,334,156,102,178,51,61
2021-12-03 15:03:22,495 - root - INFO - user:109	gold:335(0),335(3)	top:552,128,132,91,570,83,118,92,501,575
2021-12-03 15:03:22,496 - root - INFO - user:225	gold:393(1),339(3),346(0),393(3),339(3)	top:129,171,601,202,454,70,528,312,600,506
2021-12-03 15:03:22,496 - root - INFO - user:60	gold:176(3),74(1),306(2),176(0),74(2),306(1)	top:418,552,45,570,416,70,215,371,130,259
2021-12-03 15:03:22,497 - root - INFO - user:110	gold:328(1),184(3),328(0)	top:472,94,85,168,22,456,259,461,581,305
2021-12-03 15:03:22,498 - root - INFO - user:179	gold:58(3),28(0),58(3),28(1)	top:558,54,129,600,357,395,50,2,528,27
2021-12-03 15:03:22,498 - root - INFO - user:61	gold:338(1),211(1),344(2),186(3),347(2),338(0),211(1),344(2),186(1),347(1)	top:617,213,472,263,102,433,544,259,598,579
2021-12-03 15:03:22,499 - root - INFO - user:228	gold:72(3),72(0)	top:259,48,308,527,386,495,144,277,204,53
2021-12-03 15:03:22,500 - root - INFO - user:111	gold:59(2),22(1),59(3)	top:220,89,59,231,163,392,168,354,590,260
2021-12-03 15:03:22,500 - root - INFO - user:182	gold:433(3),433(2)	top:294,47,456,582,169,139,468,211,370,403
2021-12-03 15:03:22,501 - root - INFO - user:235	gold:129(0),134(3),559(3),129(1),134(1),559(1)	top:441,520,27,116,182,578,579,517,593,509
2021-12-03 15:03:22,501 - root - INFO - user:114	gold:390(3),22(0),390(0)	top:283,129,602,104,335,252,70,566,535,401
2021-12-03 15:03:22,502 - root - INFO - user:184	gold:136(1),403(0),494(3),136(1),403(2),494(0)	top:350,256,601,444,282,463,483,294,436,23
2021-12-03 15:03:22,503 - root - INFO - user:236	gold:499(0),471(0),499(3),471(2)	top:169,210,198,248,209,578,323,616,220,468
2021-12-03 15:03:22,503 - root - INFO - user:257	gold:572(2),572(1)	top:552,259,249,474,282,508,300,439,334,328
2021-12-03 15:03:22,504 - root - INFO - user:119	gold:474(0),75(2),474(0),75(0)	top:209,412,386,182,22,506,518,257,567,91
2021-12-03 15:03:22,505 - root - INFO - user:187	gold:377(1),377(2)	top:118,378,33,508,385,84,66,476,607,383
2021-12-03 15:03:22,505 - root - INFO - user:259	gold:388(1),388(0)	top:495,27,601,202,439,312,249,45,365,528
2021-12-03 15:03:22,506 - root - INFO - user:120	gold:328(3),328(2)	top:53,294,338,557,162,308,321,137,241,276
2021-12-03 15:03:22,506 - root - INFO - user:240	gold:328(3),328(3)	top:157,516,575,308,328,553,350,104,357,214
2021-12-03 15:03:22,507 - root - INFO - user:188	gold:589(3),589(0)	top:57,495,94,332,348,281,578,572,498,486
2021-12-03 15:03:22,508 - root - INFO - user:260	gold:323(1),453(2),488(3),108(0),396(0),433(0),338(0),211(1),377(2),234(2),323(2),453(0),488(1),108(3),396(3),433(1),338(0),211(1),377(1)	top:412,307,439,228,593,53,409,137,449,2
2021-12-03 15:03:22,508 - root - INFO - user:243	gold:337(0),93(0),617(0),114(2),429(3),337(1),93(2)	top:593,413,418,274,249,616,61,317,9,441
2021-12-03 15:03:22,509 - root - INFO - user:189	gold:552(2),208(0),559(0),552(0),208(3)	top:600,231,456,257,543,526,421,91,271,13
2021-12-03 15:03:22,510 - root - INFO - user:326	gold:490(3),347(2),31(2),559(2),490(2),347(0),31(2),559(0)	top:259,98,219,480,344,79,492,495,129,74
2021-12-03 15:03:22,510 - root - INFO - user:262	gold:464(2),136(3),85(1),346(1),464(0),136(3),85(2)	top:249,332,218,434,33,189,139,497,611,508
2021-12-03 15:03:22,511 - root - INFO - user:253	gold:323(2),219(3),323(0),219(3)	top:565,429,568,371,590,545,430,173,548,20
2021-12-03 15:03:22,511 - root - INFO - user:331	gold:192(1),192(0)	top:149,562,2,460,480,317,294,267,421,578
2021-12-03 15:03:22,512 - root - INFO - user:190	gold:193(0),264(3),193(0)	top:403,616,472,456,21,386,142,370,254,33
2021-12-03 15:03:22,513 - root - INFO - user:263	gold:485(3),331(2),108(2),396(0),469(2),441(3),485(2),331(2),108(3),396(1),469(1),441(2)	top:259,15,461,378,480,515,386,14,89,169
2021-12-03 15:03:22,513 - root - INFO - user:333	gold:473(0),61(0),87(1),89(2),145(3),527(3),473(2),61(1),87(3)	top:412,49,171,569,555,162,350,191,231,386
2021-12-03 15:03:22,514 - root - INFO - user:255	gold:115(0),374(0),115(0),374(2)	top:575,394,104,548,421,283,294,214,254,292
2021-12-03 15:03:22,515 - root - INFO - user:334	gold:524(3),574(1),524(2),574(2)	top:231,254,237,274,187,107,489,578,310,566
2021-12-03 15:03:22,515 - root - INFO - user:268	gold:2(3),329(0),557(3),537(0),156(2),2(3),329(3),557(1),537(1),156(1)	top:518,386,165,86,587,336,229,351,213,353
2021-12-03 15:03:22,516 - root - INFO - user:256	gold:71(1),71(1)	top:259,220,584,590,502,115,568,239,72,294
2021-12-03 15:03:22,516 - root - INFO - user:335	gold:374(0),374(0)	top:259,510,39,353,165,73,414,418,228,84
2021-12-03 15:03:22,517 - root - INFO - user:270	gold:464(3),384(2),268(0),557(3),307(0),279(0),319(2),464(1)	top:220,3,171,516,190,482,135,167,427,33
2021-12-03 15:03:22,518 - root - INFO - user:337	gold:81(0),161(0),92(0),92(0),81(2),161(3),92(1)	top:202,495,271,587,104,548,29,602,570,241
2021-12-03 15:03:22,518 - root - INFO - user:395	gold:129(0),258(1),584(3),559(2),433(3),311(2),415(0),384(3),385(2),261(3),393(3),348(1),129(2),258(2),584(1),559(1),433(2),311(0),415(2)	top:259,540,25,552,156,593,44,305,274,169
2021-12-03 15:03:22,519 - root - INFO - user:341	gold:189(2),189(1)	top:506,187,516,445,593,91,536,228,574,435
2021-12-03 15:03:22,520 - root - INFO - user:272	gold:360(3),386(3),141(3),159(2),160(0),36(2),423(2),299(0),563(1),313(0),571(3),200(1),210(2),596(1),84(3),89(1),346(0),120(2),356(2),231(3),491(1),238(3),367(0),112(2),495(2),498(3),248(1),127(1),360(1)	top:283,61,213,570,102,373,53,252,285,413
2021-12-03 15:03:22,520 - root - INFO - user:470	gold:299(1),491(0),398(0),299(1)	top:91,230,427,5,393,162,450,435,104,504
2021-12-03 15:03:22,521 - root - INFO - user:342	gold:164(2),164(1)	top:615,579,413,274,116,593,202,524,409,506
2021-12-03 15:03:22,521 - root - INFO - user:398	gold:449(2),262(3),519(1),449(1)	top:61,616,213,586,516,215,601,474,116,316
2021-12-03 15:03:22,522 - root - INFO - user:474	gold:541(1),119(3),541(0),119(1)	top:557,89,578,393,457,472,615,27,504,512
2021-12-03 15:03:22,523 - root - INFO - user:344	gold:328(1),448(3),198(1),345(1),554(3),525(1),431(0),405(3),183(2),409(3),543(3),328(2)	top:240,591,81,461,142,249,412,616,50,491
2021-12-03 15:03:22,523 - root - INFO - user:400	gold:111(0),111(3)	top:53,214,215,439,308,116,607,252,371,453
2021-12-03 15:03:22,524 - root - INFO - user:274	gold:354(0),294(3),361(1),336(1),53(0),217(1),316(3),354(0),294(1),361(2),336(0),53(0),217(2),316(2)	top:495,575,409,104,48,323,427,215,53,338
2021-12-03 15:03:22,525 - root - INFO - user:347	gold:311(1),311(1)	top:13,456,594,31,388,243,125,488,162,175
2021-12-03 15:03:22,525 - root - INFO - user:476	gold:341(1),341(2)	top:320,168,53,558,579,78,568,70,190,209
2021-12-03 15:03:22,526 - root - INFO - user:348	gold:113(2),333(0),307(0),113(0),333(1)	top:308,576,467,325,53,354,543,399,476,310
2021-12-03 15:03:22,526 - root - INFO - user:276	gold:161(1),164(0),228(2),103(2),520(3),585(3),76(1),470(3),411(3),161(1),228(1),164(0),103(3),520(1),585(2),76(2),470(1),411(1)	top:427,184,390,155,522,162,416,495,578,536
2021-12-03 15:03:22,527 - root - INFO - user:401	gold:530(3),21(0),441(2),525(1),239(1),530(3),21(3)	top:33,434,70,526,220,115,253,514,167,232
2021-12-03 15:03:22,528 - root - INFO - user:350	gold:230(3),338(3),211(1),213(1),344(3),230(0),338(2),211(1),213(0),344(3)	top:516,240,521,104,308,453,279,495,337,330
2021-12-03 15:03:22,528 - root - INFO - user:484	gold:108(2),427(3),396(2),76(2),384(2),68(0),389(3),43(2),462(1),346(0),319(0),108(2),427(2),396(3),76(2)	top:442,259,610,412,501,349,429,73,249,226
2021-12-03 15:03:22,529 - root - INFO - user:404	gold:403(3),403(0)	top:308,461,25,412,53,350,248,317,514,357
2021-12-03 15:03:22,530 - root - INFO - user:351	gold:400(1),328(1),565(2),400(0),328(2),565(0)	top:22,472,21,27,13,317,304,433,231,223
2021-12-03 15:03:22,530 - root - INFO - user:277	gold:360(1),344(0),241(0),116(3),213(1),360(1)	top:318,254,73,211,217,237,37,308,559,593
2021-12-03 15:03:22,531 - root - INFO - user:487	gold:557(2),557(2)	top:53,72,529,213,502,294,412,13,428,125
2021-12-03 15:03:22,531 - root - INFO - user:352	gold:289(0),289(1)	top:202,408,60,104,601,14,10,208,231,38
2021-12-03 15:03:22,532 - root - INFO - user:406	gold:533(0),533(3)	top:41,14,238,49,482,54,73,371,340,332
2021-12-03 15:03:22,533 - root - INFO - user:488	gold:174(2),306(2),213(2),186(3),347(3),174(0),306(2),213(3),186(1),347(0)	top:447,285,3,375,474,600,115,219,522,348
2021-12-03 15:03:22,533 - root - INFO - user:279	gold:572(3),572(0)	top:572,472,249,395,548,332,317,425,344,416
2021-12-03 15:03:22,534 - root - INFO - user:489	gold:209(2),315(2),209(3),315(1)	top:308,265,333,11,294,318,44,501,9,151
2021-12-03 15:03:22,535 - root - INFO - user:410	gold:299(2),315(0),299(1),315(0)	top:263,525,506,405,114,590,602,129,362,415
2021-12-03 15:03:22,535 - root - INFO - user:280	gold:363(3),405(1),363(2),405(3)	top:385,395,378,393,553,590,412,416,372,362
2021-12-03 15:03:22,536 - root - INFO - user:490	gold:176(0),306(1),176(3),306(3)	top:591,213,48,240,3,302,94,171,335,388
2021-12-03 15:03:22,536 - root - INFO - user:284	gold:37(2),37(2)	top:104,379,401,615,84,33,323,489,45,116
2021-12-03 15:03:22,537 - root - INFO - user:353	gold:189(2),189(0)	top:27,395,415,218,366,217,38,61,312,308
2021-12-03 15:03:22,538 - root - INFO - user:493	gold:328(3),59(3),396(1),313(2),359(1),328(2),59(0),396(0)	top:285,409,2,395,552,575,27,66,415,601
2021-12-03 15:03:22,538 - root - INFO - user:285	gold:380(1),380(2)	top:552,220,273,484,59,341,27,51,300,338
2021-12-03 15:03:22,539 - root - INFO - user:411	gold:390(1),390(0)	top:83,11,601,63,257,516,62,18,486,318
2021-12-03 15:03:22,540 - root - INFO - user:354	gold:12(3),365(0),559(1),12(1),365(2),559(2)	top:33,337,375,394,39,28,395,102,588,510
2021-12-03 15:03:22,540 - root - INFO - user:495	gold:499(3),471(2),499(3),471(2)	top:593,5,220,73,10,3,579,105,96,209
2021-12-03 15:03:22,541 - root - INFO - user:286	gold:232(2),337(3),123(0),93(3),232(2),337(1),123(3),93(3)	top:386,171,57,240,472,121,587,419,257,323
2021-12-03 15:03:22,541 - root - INFO - user:357	gold:374(1),374(1)	top:2,578,49,390,386,351,414,61,607,138
2021-12-03 15:03:22,542 - root - INFO - user:288	gold:512(2),363(3),524(2),512(2),363(3),524(1)	top:61,104,58,27,516,395,513,289,270,79
2021-12-03 15:03:22,543 - root - INFO - user:498	gold:67(1),67(0)	top:47,99,74,203,80,11,569,332,49,594
2021-12-03 15:03:22,543 - root - INFO - user:360	gold:499(3),471(3),486(1),499(2),471(2)	top:33,409,178,59,294,149,442,556,69,610
2021-12-03 15:03:22,544 - root - INFO - user:415	gold:298(0),275(3),117(3),298(3),275(1),117(2)	top:231,482,323,363,4,275,70,535,394,599
2021-12-03 15:03:22,544 - root - INFO - user:291	gold:136(0),136(0)	top:522,514,169,495,162,128,518,393,259,593
2021-12-03 15:03:22,545 - root - INFO - user:500	gold:10(2),67(2),189(1),480(0),239(3),10(3),67(2),189(1)	top:587,557,508,350,11,591,201,582,357,189
2021-12-03 15:03:22,546 - root - INFO - user:363	gold:447(1),447(1)	top:43,587,602,235,318,202,197,64,432,2
2021-12-03 15:03:22,546 - root - INFO - user:293	gold:490(3),347(0),559(2),490(1),347(3),559(3)	top:527,285,263,5,607,548,39,568,248,189
2021-12-03 15:03:22,547 - root - INFO - user:501	gold:284(2),284(1)	top:211,400,545,30,502,552,85,460,21,526
2021-12-03 15:03:22,548 - root - INFO - user:417	gold:376(2),610(2),376(3)	top:69,48,294,251,405,395,142,354,386,409
2021-12-03 15:03:22,548 - root - INFO - user:364	gold:599(0),599(2)	top:63,116,599,67,298,33,92,454,552,460
2021-12-03 15:03:22,549 - root - INFO - user:502	gold:426(0),82(0),426(2),82(1)	top:305,515,615,241,31,354,87,578,557,608
2021-12-03 15:03:22,549 - root - INFO - user:296	gold:83(1),148(0),83(2),148(1)	top:309,552,104,168,416,439,346,198,506,257
2021-12-03 15:03:22,550 - root - INFO - user:421	gold:555(2),115(0),555(3),115(1)	top:162,412,47,202,378,272,258,89,99,201
2021-12-03 15:03:22,551 - root - INFO - user:509	gold:323(0),219(3),323(1),219(2)	top:412,386,2,603,409,11,66,506,525,220
2021-12-03 15:03:22,551 - root - INFO - user:366	gold:323(2),325(1),230(1),519(0),262(3),105(3),328(3),299(1),171(3),204(0),527(3),466(3),115(1),243(2),374(1),182(3),91(3),157(1),62(3),255(2),281(3),523(3),323(2),325(1),262(2),519(2),230(1),105(3),328(3),299(2),171(2),204(2),527(0),466(0),115(0),243(3),374(2),182(0),91(1),157(2),62(2),255(1)	top:474,330,472,388,91,84,457,403,378,190
2021-12-03 15:03:22,552 - root - INFO - user:301	gold:363(0),363(1)	top:494,522,274,357,137,201,460,392,405,443
2021-12-03 15:03:22,553 - root - INFO - user:514	gold:262(3),71(1),400(2),565(3),415(2),262(2),71(0),400(1),565(1),415(3)	top:156,213,434,473,375,94,176,495,589,396
2021-12-03 15:03:22,553 - root - INFO - user:422	gold:232(1),232(1)	top:53,418,472,86,59,310,552,357,115,566
2021-12-03 15:03:22,554 - root - INFO - user:369	gold:553(3),189(3),553(1),189(0)	top:53,99,409,605,25,448,355,294,218,388
2021-12-03 15:03:22,554 - root - INFO - user:305	gold:213(0),492(1),213(2)	top:47,308,48,259,2,386,596,139,602,207
2021-12-03 15:03:22,555 - root - INFO - user:515	gold:450(3),450(1)	top:366,267,91,467,70,246,570,478,558,357
2021-12-03 15:03:22,556 - root - INFO - user:313	gold:186(2),347(1),306(0),174(2),186(2),347(1),306(2),174(3)	top:115,510,218,366,388,107,477,274,19,76
2021-12-03 15:03:22,556 - root - INFO - user:372	gold:164(3),164(3)	top:171,388,586,468,220,395,231,202,94,191
2021-12-03 15:03:22,557 - root - INFO - user:427	gold:411(1),411(1)	top:101,57,320,371,104,293,288,480,21,467
2021-12-03 15:03:22,558 - root - INFO - user:317	gold:134(0),134(3)	top:472,70,482,202,237,98,129,272,171,217
2021-12-03 15:03:22,558 - root - INFO - user:517	gold:415(1),450(2),71(1),264(2),9(1),554(3),106(3),240(2),498(0),566(2),543(1),415(2),450(1),71(0)	top:578,456,207,405,506,556,134,346,490,378
2021-12-03 15:03:22,559 - root - INFO - user:373	gold:505(0),71(3),65(2),505(3),505(0),71(1)	top:611,53,396,135,212,22,33,590,420,440
2021-12-03 15:03:22,559 - root - INFO - user:318	gold:69(1),294(2),47(3),338(0),53(3),69(0),294(0),47(1),338(1),53(3)	top:77,94,596,562,286,552,104,239,354,78
2021-12-03 15:03:22,560 - root - INFO - user:428	gold:51(3),51(2)	top:33,189,213,102,66,599,65,303,340,480
2021-12-03 15:03:22,561 - root - INFO - user:522	gold:379(1),354(2),339(2),271(2),379(1),354(2),339(3),271(3)	top:548,332,366,211,191,386,310,422,63,267
2021-12-03 15:03:22,561 - root - INFO - user:320	gold:469(2),237(3),469(0),237(2)	top:91,259,518,294,261,2,460,8,486,115
2021-12-03 15:03:22,562 - root - INFO - user:523	gold:589(2),589(3)	top:88,181,276,544,514,440,380,332,285,13
2021-12-03 15:03:22,563 - root - INFO - user:374	gold:328(3),328(2)	top:482,220,397,171,441,371,89,215,21,585
2021-12-03 15:03:22,563 - root - INFO - user:429	gold:329(1),2(0),156(1),537(1),329(2),537(1),2(1),156(3)	top:165,135,53,251,395,615,182,294,497,503
2021-12-03 15:03:22,564 - root - INFO - user:321	gold:331(0),485(2),331(3),485(1)	top:456,2,257,240,317,308,229,506,70,80
2021-12-03 15:03:22,564 - root - INFO - user:524	gold:24(1),453(1),349(0),24(1),453(0)	top:33,557,548,27,322,208,425,162,346,383
2021-12-03 15:03:22,565 - root - INFO - user:387	gold:530(1),21(0),530(2),21(0)	top:231,480,568,405,41,104,21,395,474,602
2021-12-03 15:03:22,566 - root - INFO - user:325	gold:58(0),549(2),58(2),549(2)	top:353,559,277,47,413,244,568,11,86,273
2021-12-03 15:03:22,566 - root - INFO - user:525	gold:473(3),222(3),473(1),222(3)	top:433,286,251,537,366,231,425,570,535,557
2021-12-03 15:03:22,567 - root - INFO - user:430	gold:408(1),293(3),408(1),293(3)	top:501,409,248,335,179,338,371,341,378,463
2021-12-03 15:03:22,568 - root - INFO - user:388	gold:164(1),228(2),71(0),76(3),45(1),272(1),400(2),597(3),565(1),505(3),347(1),415(3),397(1),142(3),210(2),244(0),314(1),317(1),164(0),228(2),71(3),76(2),45(0),272(1),400(3),597(1),565(1),505(1),347(3),415(0)	top:366,155,21,304,407,332,548,285,144,557
2021-12-03 15:03:22,568 - root - INFO - user:532	gold:328(1),328(1)	top:61,498,587,417,9,501,333,508,310,296
2021-12-03 15:03:22,569 - root - INFO - user:543	gold:464(1),85(0),464(3),85(1)	top:594,214,604,570,447,456,13,294,508,165
2021-12-03 15:03:22,569 - root - INFO - user:390	gold:593(2),202(3),593(2)	top:272,49,586,70,213,604,80,167,555,416
2021-12-03 15:03:22,570 - root - INFO - user:534	gold:365(1),355(1),365(3)	top:456,128,243,22,274,342,485,453,362,282
2021-12-03 15:03:22,571 - root - INFO - user:545	gold:128(0),323(3),262(0),230(3),360(0),392(2),299(2),237(0),366(1),527(3),336(3),308(2),152(3),58(2),188(1),157(3),128(3),323(0),262(3),230(0),360(0),392(2),299(0),237(3),366(1),527(2),336(3),308(0),152(2),58(1),188(2),157(3)	top:310,47,231,508,304,396,616,527,55,362
2021-12-03 15:03:22,571 - root - INFO - user:434	gold:488(0),229(1),488(1)	top:33,395,474,528,386,541,405,413,19,570
2021-12-03 15:03:22,572 - root - INFO - user:535	gold:330(0),556(2),330(2),556(1)	top:506,259,560,47,104,613,168,447,236,453
2021-12-03 15:03:22,573 - root - INFO - user:596	gold:499(2),134(0),471(0),499(2),134(2),471(0)	top:357,19,526,310,190,312,366,548,137,72
2021-12-03 15:03:22,573 - root - INFO - user:546	gold:59(1),59(3)	top:246,593,368,70,137,91,276,482,316,104
2021-12-03 15:03:22,574 - root - INFO - user:536	gold:589(3),589(2)	top:405,274,591,21,97,459,585,53,128,552
2021-12-03 15:03:22,574 - root - INFO - user:437	gold:323(1),219(1),323(2),219(2)	top:241,366,386,27,78,70,334,412,460,75
2021-12-03 15:03:22,575 - root - INFO - user:549	gold:272(1),488(1),453(3),272(3),488(0),453(2)	top:80,21,96,489,129,569,341,570,267,211
2021-12-03 15:03:22,576 - root - INFO - user:597	gold:520(0),188(2),520(3),188(3)	top:39,495,393,412,394,460,135,301,501,378
2021-12-03 15:03:22,576 - root - INFO - user:539	gold:193(3),230(0),552(2),393(1),427(0),208(0),379(0),193(0),230(2),552(0),393(3),427(1),208(2),379(0)	top:202,495,409,261,237,557,568,47,188,379
2021-12-03 15:03:22,577 - root - INFO - user:598	gold:2(0),126(3),2(1),126(1)	top:552,294,27,442,259,418,249,70,593,322
2021-12-03 15:03:22,578 - root - INFO - user:552	gold:286(3),286(2)	top:363,276,108,4,241,76,494,177,278,527
2021-12-03 15:03:22,578 - root - INFO - user:540	gold:433(3),106(2),433(0)	top:39,460,165,162,518,483,285,265,556,516
2021-12-03 15:03:22,579 - root - INFO - user:438	gold:137(0),220(0),7(3),137(0),220(1),7(2)	top:256,202,173,238,472,47,401,389,294,528
2021-12-03 15:03:22,579 - root - INFO - user:599	gold:569(3),202(0),569(0)	top:285,108,535,495,331,23,593,514,210,123
2021-12-03 15:03:22,580 - root - INFO - user:555	gold:271(0),271(0)	top:480,552,397,439,298,405,579,48,326,39
2021-12-03 15:03:22,581 - root - INFO - user:601	gold:323(0),323(2)	top:510,508,157,395,415,229,528,394,486,353
2021-12-03 15:03:22,581 - root - INFO - user:441	gold:189(3),189(2)	top:363,283,210,254,102,107,211,118,317,59
2021-12-03 15:03:22,582 - root - INFO - user:602	gold:237(2),237(3)	top:89,293,472,116,338,84,259,477,124,2
2021-12-03 15:03:22,582 - root - INFO - user:556	gold:83(1),148(3),83(3),148(0)	top:575,135,395,495,259,53,220,371,449,570
2021-12-03 15:03:22,583 - root - INFO - user:442	gold:170(2),271(3),170(1),271(0)	top:386,94,142,601,137,415,155,66,588,335
2021-12-03 15:03:22,584 - root - INFO - user:604	gold:365(0),508(1),365(1)	top:414,558,495,428,549,173,45,142,240,525
2021-12-03 15:03:22,584 - root - INFO - user:557	gold:107(1),107(3)	top:304,617,568,274,474,567,416,525,588,287
2021-12-03 15:03:22,585 - root - INFO - user:605	gold:115(0),115(1)	top:390,495,586,160,578,109,162,389,79,593
2021-12-03 15:03:22,586 - root - INFO - user:444	gold:273(3),273(2)	top:393,259,263,386,443,207,572,139,575,189
2021-12-03 15:03:22,586 - root - INFO - user:608	gold:155(1),155(0)	top:217,274,72,94,495,66,123,162,149,577
2021-12-03 15:03:22,587 - root - INFO - user:559	gold:589(3),589(1)	top:386,294,355,328,259,405,597,616,6,477
2021-12-03 15:03:22,587 - root - INFO - user:445	gold:617(0),363(3),428(2),617(2),363(0),428(1)	top:53,169,414,129,139,601,61,518,123,608
2021-12-03 15:03:22,588 - root - INFO - user:609	gold:593(0),593(0)	top:338,598,508,180,321,477,136,386,416,560
2021-12-03 15:03:22,589 - root - INFO - user:560	gold:328(2),395(0),95(1),328(0),395(0)	top:211,47,348,495,294,400,13,575,205,586
2021-12-03 15:03:22,589 - root - INFO - user:451	gold:178(3),209(2),178(3)	top:456,237,81,5,84,607,335,395,13,198
2021-12-03 15:03:22,590 - root - INFO - user:610	gold:2(2),611(2),126(3),30(1),2(0),611(3),126(3)	top:165,302,357,211,257,129,350,84,332,405
2021-12-03 15:03:22,591 - root - INFO - user:561	gold:527(1),527(0)	top:590,91,104,615,426,332,290,211,210,137
2021-12-03 15:03:22,591 - root - INFO - user:457	gold:400(2),262(2),160(3),322(3),102(1),489(0),142(1),563(2),158(2),400(3),262(0)	top:257,598,386,151,346,154,523,473,285,33
2021-12-03 15:03:22,592 - root - INFO - user:615	gold:432(3),432(1)	top:224,443,274,316,2,232,322,155,312,175
2021-12-03 15:03:22,592 - root - INFO - user:562	gold:24(1),545(3),251(3),453(3),349(0),24(3),545(0),251(2),453(0)	top:495,220,322,231,91,139,567,167,591,520
2021-12-03 15:03:22,593 - root - INFO - user:461	gold:272(0),51(1),270(3),272(0),51(1),270(2)	top:317,50,593,91,563,104,355,386,567,572
2021-12-03 15:03:22,594 - root - INFO - user:616	gold:137(3),220(3),7(2),137(2),220(0),7(2)	top:11,45,544,495,395,460,456,373,273,281
2021-12-03 15:03:22,594 - root - INFO - user:563	gold:134(0),74(0),78(1),79(0),278(1),151(3),154(2),415(1),65(1),505(1),134(3),74(0),78(2),79(1),278(2),151(1),154(0),415(0)	top:214,334,191,363,420,421,2,33,409,254
2021-12-03 15:03:22,595 - root - INFO - user:466	gold:415(0),450(3),71(0),415(2),450(3),71(2)	top:231,121,251,256,22,558,490,208,249,599
2021-12-03 15:03:22,595 - root - INFO - user:564	gold:560(2),328(2),560(3),328(2)	top:590,611,602,19,258,138,294,593,55,312
2021-12-03 15:03:22,596 - root - INFO - user:618	gold:514(3),326(1),136(2),460(0),58(1),514(1),326(2),136(3),460(1),58(1)	top:213,378,257,346,171,214,326,87,413,49
2021-12-03 15:03:22,597 - root - INFO - user:568	gold:339(3),339(0)	top:525,312,602,283,323,382,286,480,603,371
2021-12-03 15:03:22,597 - root - INFO - user:469	gold:499(2),471(2),499(1),471(1)	top:259,209,385,27,553,167,350,355,202,2
2021-12-03 15:03:22,598 - root - INFO - user:622	gold:100(3),136(0),74(3),494(3),207(3),568(1),607(3),100(1),136(2),74(0),494(1),207(2),568(2),607(1)	top:568,259,229,147,101,19,501,217,267,513
2021-12-03 15:03:22,599 - root - INFO - user:569	gold:37(0),37(0)	top:395,305,409,276,202,601,363,616,211,386
2021-12-03 15:03:22,599 - root - INFO - user:625	gold:154(1),294(0),154(1),294(3)	top:231,55,308,435,214,176,316,561,116,171
2021-12-03 15:03:22,600 - root - INFO - user:572	gold:12(0),559(1),12(2),559(1)	top:138,547,53,581,501,412,433,508,139,598
2021-12-03 15:03:22,600 - root - INFO - user:627	gold:549(1),549(3)	top:525,138,412,510,323,557,118,456,526,25
2021-12-03 15:03:22,601 - root - INFO - user:573	gold:108(3),396(0),441(3),108(0),396(3)	top:98,53,284,162,572,261,84,81,616,384
2021-12-03 15:03:22,602 - root - INFO - user:636	gold:549(2),272(0),594(1),215(0),93(3),173(3),63(1),549(0),272(0),594(2),215(2),93(3)	top:203,616,104,240,447,274,137,45,232,231
2021-12-03 15:03:22,602 - root - INFO - user:574	gold:67(0),189(3),67(0),189(1)	top:548,363,332,386,158,96,173,591,191,593
2021-12-03 15:03:22,603 - root - INFO - user:637	gold:365(3),365(3)	top:560,119,308,27,171,99,528,310,59,576
2021-12-03 15:03:22,604 - root - INFO - user:576	gold:1(2),430(2),1(2),430(1)	top:211,439,231,22,576,288,412,240,121,37
2021-12-03 15:03:22,604 - root - INFO - user:639	gold:379(1),379(1)	top:5,323,322,33,37,412,97,267,277,201
2021-12-03 15:03:22,605 - root - INFO - user:578	gold:87(0),87(0)	top:322,399,482,414,250,377,139,105,162,246
2021-12-03 15:03:22,605 - root - INFO - user:641	gold:335(3),335(1)	top:392,558,125,36,285,289,155,409,363,138
2021-12-03 15:03:22,606 - root - INFO - user:580	gold:192(2),192(3)	top:59,259,578,470,144,495,601,409,107,593
2021-12-03 15:03:22,612 - root - INFO - user:645	gold:312(1),516(0),214(1),312(2),516(0),214(0)	top:49,520,337,217,28,156,2,544,434,37
2021-12-03 15:03:22,613 - root - INFO - user:581	gold:393(1),447(1),393(0),447(0)	top:202,460,579,140,346,115,259,239,203,126
2021-12-03 15:03:22,614 - root - INFO - user:646	gold:323(3),219(1),349(1),323(3),219(1)	top:332,214,516,254,65,296,485,33,276,80
2021-12-03 15:03:22,614 - root - INFO - user:584	gold:331(0),485(2),331(2),485(1)	top:237,526,96,92,461,265,160,259,442,535
2021-12-03 15:03:22,615 - root - INFO - user:647	gold:328(0),184(0),424(0),328(1)	top:142,505,559,98,22,229,181,115,251,122
2021-12-03 15:03:22,615 - root - INFO - user:585	gold:291(0),411(3),274(0),291(3),411(3)	top:53,323,88,294,439,105,305,416,33,282
2021-12-03 15:03:22,616 - root - INFO - user:650	gold:575(0),575(0)	top:283,308,426,281,165,75,562,246,529,617
2021-12-03 15:03:22,617 - root - INFO - user:590	gold:273(1),273(0)	top:363,590,460,378,409,95,395,426,271,281
2021-12-03 15:03:22,617 - root - INFO - user:592	gold:541(1),119(0),541(0),119(0)	top:53,169,489,603,371,88,2,386,469,583
2021-12-03 15:03:22,618 - root - INFO - user:594	gold:336(2),152(1),392(0),366(2),336(2),152(3),392(1),366(0)	top:378,552,108,47,39,483,362,443,506,249
